2019-12-27 10:09:26|   0.1|  0.1|INFORM|FME 2017.1.1.1 (20171014 - Build 17652 - WIN32)
2019-12-27 10:09:26|   0.1|  0.0|INFORM|FME_HOME is 'C:\FME2017\'
2019-12-27 10:09:26|   0.1|  0.0|INFORM|FME Desktop ESRI Edition (floating)
2019-12-27 10:09:26|   0.1|  0.0|INFORM|Permanent License.
2019-12-27 10:09:26|   0.1|  0.0|INFORM|Machine host name is: coa-gis-fme2
2019-12-27 10:09:26|   0.1|  0.0|INFORM|START - ProcessID: 808, peak process memory usage: 29124 kB, current process memory usage: 29112 kB
2019-12-27 10:09:26|   0.1|  0.0|INFORM|FME Configuration: Command line arguments are `C:\FME2017\fme.exe' `C:/telestaff\wb-xlate-1577459361639_8876' `LOG_STANDARDOUT' `YES' `LogCountServerName' `{a1c2dba8-e9dd-4259-9f71-87befbe1a2f8}'
2019-12-27 10:09:26|   0.2|  0.1|INFORM|Shared folders for formats are : C:\FME2017\datasources;C:\Users\mssqlgisadmin\Documents\FME\Formats
2019-12-27 10:09:26|   0.2|  0.0|INFORM|Shared folders for transformers are : C:\FME2017\transformers;C:\Users\mssqlgisadmin\Documents\FME\Transformers;C:\Users\mssqlgisadmin\AppData\Roaming\Safe Software\FME\FME Store\Transformers
2019-12-27 10:09:26|   0.2|  0.0|INFORM|Shared folders for coordinate systems are : C:\Users\mssqlgisadmin\Documents\FME\CoordinateSystems
2019-12-27 10:09:26|   0.2|  0.0|INFORM|Shared folders for coordinate system exceptions are : C:\Users\mssqlgisadmin\Documents\FME\CoordinateSystemExceptions
2019-12-27 10:09:26|   0.2|  0.0|INFORM|Shared folders for coordinate system grid overrides are : C:\Users\mssqlgisadmin\Documents\FME\CoordinateSystemGridOverrides
2019-12-27 10:09:26|   0.2|  0.0|INFORM|Shared folders for CS-MAP transformation exceptions are : C:\Users\mssqlgisadmin\Documents\FME\CsmapTransformationExceptions
2019-12-27 10:09:26|   0.2|  0.0|INFORM|Shared folders for transformer categories are : C:\Users\mssqlgisadmin\Documents\FME\TransformerCategories
2019-12-27 10:09:26|   0.2|  0.0|INFORM|FME Configuration: Reader Keyword is `MSSQL_ADO_2'
2019-12-27 10:09:26|   0.2|  0.0|INFORM|FME Configuration: Writer Keyword is `MULTI_WRITER'
2019-12-27 10:09:26|   0.2|  0.0|INFORM|FME Configuration: Writer Group Definition Keyword is `MULTI_WRITER_DEF'
2019-12-27 10:09:26|   0.2|  0.0|INFORM|FME Configuration: Reader type is `MSSQL_ADO'
2019-12-27 10:09:26|   0.2|  0.0|INFORM|FME Configuration: Writer type is `MULTI_WRITER'
2019-12-27 10:09:26|   0.2|  0.0|INFORM|FME Configuration: No destination coordinate system set
2019-12-27 10:09:26|   0.2|  0.0|INFORM|FME Configuration: Current working folder is `C:\telestaff'
2019-12-27 10:09:26|   0.2|  0.0|INFORM|FME Configuration: Temporary folder is `C:\Users\MSSQLG~1\AppData\Local\Temp\1', set from environment variable `TEMP'
2019-12-27 10:09:26|   0.2|  0.0|INFORM|FME Configuration: FME_HOME is `C:\FME2017\'
2019-12-27 10:09:26|   0.2|  0.0|INFORM|FME Configuration: FME_BASE is 'no'
2019-12-27 10:09:26|   0.2|  0.0|INFORM|FME Configuration: FME_MF_DIR is 'C:\telestaff/'
2019-12-27 10:09:26|   0.2|  0.0|INFORM|FME Configuration: FME_MF_NAME is 'telestaffMunisToCSV.fmw'
2019-12-27 10:09:26|   0.2|  0.0|INFORM|FME Configuration: FME_PRODUCT_NAME is 'FME(R) 2017.1.1.1'
2019-12-27 10:09:26|   0.2|  0.0|INFORM|System Status: 105.47 GB of disk space available in the FME temporary folder (C:\Users\MSSQLG~1\AppData\Local\Temp\1)
2019-12-27 10:09:26|   0.2|  0.0|INFORM|System Status: 4.00 GB of virtual memory available
2019-12-27 10:09:26|   0.2|  0.0|INFORM|Operating System: Microsoft Windows Server 2012 R2 Server 4.0 64-bit  (Build 9600)
2019-12-27 10:09:26|   0.2|  0.0|INFORM|FME Platform: WIN32
2019-12-27 10:09:26|   0.2|  0.0|INFORM|Locale: en_US
2019-12-27 10:09:26|   0.2|  0.0|INFORM|Code Page: 1252  (ANSI - Latin I)
2019-12-27 10:09:26|   0.2|  0.0|INFORM|FME Configuration: Process limits are 8.00 GB of physical memory and 4.00 GB of address space
2019-12-27 10:09:26|   0.2|  0.0|INFORM|FME Configuration: Start freeing memory when process usage exceeds 2.83 GB of memory or 3.41 GB of address space
2019-12-27 10:09:26|   0.2|  0.0|INFORM|FME Configuration: Stop freeing memory when process usage is below 2.12 GB of memory and 2.56 GB of address space
2019-12-27 10:09:26|   0.3|  0.1|INFORM|Creating writer for format: 
2019-12-27 10:09:27|   1.5|  1.3|INFORM|FME Configuration: Named Connection Storage: 'C:\Users\mssqlgisadmin\AppData\Roaming\Safe Software\FME\'
2019-12-27 10:09:27|   1.5|  0.0|INFORM|FME Configuration: Using Named Connection values from 'munprod' for MSSQL_ADO_2
2019-12-27 10:09:27|   1.6|  0.0|INFORM|Creating reader for format: Microsoft SQL Server Non-Spatial
2019-12-27 10:09:27|   1.6|  0.1|INFORM|Trying to find a DYNAMIC plugin for reader named `MSSQL_ADO'
2019-12-27 10:09:27|   1.6|  0.0|WARN  |Error prepending '<FME_HOME>/plugins/' to path environment variable.  The addition may not exist, or on Windows the resulting path may be longer than 2047 characters
2019-12-27 10:09:27|   1.6|  0.0|INFORM|Loaded module 'MSSQL_ADO' from file 'C:\FME2017\plugins/FME_ADO.dll'
2019-12-27 10:09:27|   1.6|  0.0|INFORM|FME API version of module 'MSSQL_ADO' matches current internal version (3.8 20170315)
2019-12-27 10:09:27|   1.6|  0.0|INFORM|Microsoft SQL Server Non-Spatial Reader: Read 2 DEF line(s).  Found 17 attribute(s)
2019-12-27 10:09:27|   1.6|  0.0|INFORM|Microsoft SQL Server Non-Spatial Reader: Opening `munprod' for read operation
2019-12-27 10:09:27|   1.6|  0.0|INFORM|Microsoft SQL Server Non-Spatial Reader: Trying to connect using SQL Server 2012 Native Client...
2019-12-27 10:09:27|   1.7|  0.0|INFORM|Using MultiWriter with keyword `MULTI_WRITER' to output data (ID_ATTRIBUTE is `multi_writer_id')
2019-12-27 10:09:27|   1.7|  0.0|INFORM|Writer output will be ordered by value of multi_writer_id
2019-12-27 10:09:27|   1.7|  0.0|INFORM|Loaded module 'LogCount_func' from file 'C:\FME2017\plugins/LogCount_func.dll'
2019-12-27 10:09:27|   1.7|  0.0|INFORM|FME API version of module 'LogCount_func' matches current internal version (3.8 20170315)
2019-12-27 10:09:27|   1.7|  0.0|INFORM|Microsoft SQL Server Non-Spatial Reader: Now reading features from table avl.telestaff_staffing01, 10 record(s) at a time
2019-12-27 10:09:27|   1.8|  0.1|INFORM|Creating writer for format: CSV (Comma Separated Value)
2019-12-27 10:09:27|   1.9|  0.1|INFORM|Trying to find a DYNAMIC plugin for writer named `CSV2'
2019-12-27 10:09:27|   1.9|  0.0|INFORM|Loaded module 'CSV2' from file 'C:\FME2017\plugins/CSV2.dll'
2019-12-27 10:09:27|   1.9|  0.0|INFORM|FME API version of module 'CSV2' matches current internal version (3.8 20170315)
2019-12-27 10:09:27|   1.9|  0.0|INFORM|FME Configuration: No destination coordinate system set
2019-12-27 10:09:27|   1.9|  0.0|INFORM|FME API version of module 'CSV2' matches current internal version (3.8 20170315)
2019-12-27 10:09:27|   1.9|  0.0|INFORM|Writer `CSV2_2' of type `CSV2' using group definition keyword `CSV2_2_DEF'
2019-12-27 10:09:27|   1.9|  0.0|INFORM|FME API version of module 'CSV2' matches current internal version (3.8 20170315)
2019-12-27 10:09:27|   1.9|  0.0|INFORM|CSV writer: Directive '_EXTENSION' has the value 'csv'
2019-12-27 10:09:27|   1.9|  0.0|INFORM|CSV writer: Directive '_DELIMITER' has the value ','
2019-12-27 10:09:27|   1.9|  0.0|INFORM|CSV writer: Directive '_WRITE_BOM_FOR_UNICODE' has the value 'Yes'
2019-12-27 10:09:27|   1.9|  0.0|INFORM|CSV writer: Directive '_QUALIFY_FIELD_NAMES' has the value 'if_needed'
2019-12-27 10:09:27|   1.9|  0.0|INFORM|CSV writer: Directive '_QUALIFY_FIELD_VALUES' has the value 'if_needed'
2019-12-27 10:09:27|   1.9|  0.0|INFORM|CSV writer: Directive '_FIELD_QUALIFIER_CHARACTER' has the value '"'
2019-12-27 10:09:27|   1.9|  0.0|INFORM|CSV writer: Directive '_FIELD_QUALIFIER_ESCAPE_CHARACTER' has the value '"'
2019-12-27 10:09:27|   1.9|  0.0|INFORM|CSV writer: Directive '_ROW_TERMINATION' has the value 'System'
2019-12-27 10:09:27|   1.9|  0.0|INFORM|CSV writer: Directive '_WRITE_SCHEMA_FILE' has the value 'NO'
2019-12-27 10:09:27|   1.9|  0.0|INFORM|CSV writer: Opening dataset 'avl.telestaff_staffing01.csv'
2019-12-27 10:09:28|   2.1|  0.2|INFORM|Microsoft SQL Server Non-Spatial Reader: Now reading features from table avl.telestaff_person01, 10 record(s) at a time
2019-12-27 10:09:28|   2.1|  0.0|INFORM|CSV writer: Opening dataset 'avl.telestaff_person01.csv'
2019-12-27 10:09:28|   2.2|  0.1|INFORM|Reading source feature # 2500
2019-12-27 10:09:28|   2.3|  0.1|INFORM|Microsoft SQL Server Non-Spatial Reader: Database read complete.  Retrieved 2981 feature(s)
2019-12-27 10:09:28|   2.3|  0.0|INFORM|Emptying factory pipeline
2019-12-27 10:09:28|   2.3|  0.0|STATS |Router and Unexpected Input Remover(RoutingFactory): Tested 2981 input feature(s), wrote 2981 output feature(s): 2981 matched merge filters, 2981 were routed to output, 0 could not be routed.
2019-12-27 10:09:28|   2.3|  0.0|STATS |Unexpected Input Remover Nuker(TeeFactory): Cloned 0 input feature(s) into 0 output feature(s)
2019-12-27 10:09:28|   2.3|  0.0|STATS |avl.telestaff_staffing01 (MSSQL_ADO_2) Splitter(TeeFactory): Cloned 2165 input feature(s) into 2165 output feature(s)
2019-12-27 10:09:28|   2.3|  0.0|STATS |avl.telestaff_staffing01_MSSQL_ADO_2 Feature Counter -1 9(TeeFactory): Cloned 2165 input feature(s) into 2165 output feature(s)
2019-12-27 10:09:28|   2.3|  0.0|STATS |avl.telestaff_person01 (MSSQL_ADO_2) Splitter(TeeFactory): Cloned 816 input feature(s) into 816 output feature(s)
2019-12-27 10:09:28|   2.3|  0.0|STATS |avl.telestaff_person01_MSSQL_ADO_2 Feature Counter -1 10(TeeFactory): Cloned 816 input feature(s) into 816 output feature(s)
2019-12-27 10:09:28|   2.3|  0.0|STATS |Destination Feature Type Routing Correlator(RoutingFactory): Tested 2981 input feature(s), wrote 2981 output feature(s): 0 matched merge filters, 2981 were routed to output, 0 could not be routed.
2019-12-27 10:09:28|   2.3|  0.0|STATS |Final Output Nuker(TeeFactory): Cloned 0 input feature(s) into 0 output feature(s)
2019-12-27 10:09:28|   2.3|  0.0|INFORM|=-=-=-=-=-=-=-=-=-=-=-=-=-=-=-=-=-=-=-=-=-=-=-=-=-=-=-=-=-=-=-=-=-=-=-=-=-=-=-
2019-12-27 10:09:28|   2.3|  0.0|INFORM|Feature output statistics for `CSV2' writer using keyword `CSV2_2':
2019-12-27 10:09:28|   2.3|  0.0|STATS |=-=-=-=-=-=-=-=-=-=-=-=-=-=-=-=-=-=-=-=-=-=-=-=-=-=-=-=-=-=-=-=-=-=-=-=-=-=-=-
2019-12-27 10:09:28|   2.3|  0.0|STATS |                               Features Written
2019-12-27 10:09:28|   2.3|  0.0|STATS |=-=-=-=-=-=-=-=-=-=-=-=-=-=-=-=-=-=-=-=-=-=-=-=-=-=-=-=-=-=-=-=-=-=-=-=-=-=-=-
2019-12-27 10:09:28|   2.3|  0.0|STATS |avl.telestaff_person01                                                     816
2019-12-27 10:09:28|   2.3|  0.0|STATS |avl.telestaff_staffing01                                                  2165
2019-12-27 10:09:28|   2.3|  0.0|STATS |==============================================================================
2019-12-27 10:09:28|   2.3|  0.0|STATS |Total Features Written                                                    2981
2019-12-27 10:09:28|   2.3|  0.0|STATS |=-=-=-=-=-=-=-=-=-=-=-=-=-=-=-=-=-=-=-=-=-=-=-=-=-=-=-=-=-=-=-=-=-=-=-=-=-=-=-
2019-12-27 10:09:28|   2.3|  0.0|STATS |=-=-=-=-=-=-=-=-=-=-=-=-=-=-=-=-=-=-=-=-=-=-=-=-=-=-=-=-=-=-=-=-=-=-=-=-=-=-=-
2019-12-27 10:09:28|   2.3|  0.0|STATS |                            Features Read Summary
2019-12-27 10:09:28|   2.3|  0.0|STATS |=-=-=-=-=-=-=-=-=-=-=-=-=-=-=-=-=-=-=-=-=-=-=-=-=-=-=-=-=-=-=-=-=-=-=-=-=-=-=-
2019-12-27 10:09:28|   2.3|  0.0|STATS |avl.telestaff_person01                                                     816
2019-12-27 10:09:28|   2.3|  0.0|STATS |avl.telestaff_staffing01                                                  2165
2019-12-27 10:09:28|   2.3|  0.0|STATS |==============================================================================
2019-12-27 10:09:28|   2.3|  0.0|STATS |Total Features Read                                                       2981
2019-12-27 10:09:28|   2.3|  0.0|STATS |=-=-=-=-=-=-=-=-=-=-=-=-=-=-=-=-=-=-=-=-=-=-=-=-=-=-=-=-=-=-=-=-=-=-=-=-=-=-=-
2019-12-27 10:09:28|   2.3|  0.0|STATS |=-=-=-=-=-=-=-=-=-=-=-=-=-=-=-=-=-=-=-=-=-=-=-=-=-=-=-=-=-=-=-=-=-=-=-=-=-=-=-
2019-12-27 10:09:28|   2.3|  0.0|STATS |                           Features Written Summary
2019-12-27 10:09:28|   2.3|  0.0|STATS |=-=-=-=-=-=-=-=-=-=-=-=-=-=-=-=-=-=-=-=-=-=-=-=-=-=-=-=-=-=-=-=-=-=-=-=-=-=-=-
2019-12-27 10:09:28|   2.3|  0.0|STATS |avl.telestaff_person01                                                     816
2019-12-27 10:09:28|   2.3|  0.0|STATS |avl.telestaff_staffing01                                                  2165
2019-12-27 10:09:28|   2.3|  0.0|STATS |==============================================================================
2019-12-27 10:09:28|   2.3|  0.0|STATS |Total Features Written                                                    2981
2019-12-27 10:09:28|   2.3|  0.0|STATS |=-=-=-=-=-=-=-=-=-=-=-=-=-=-=-=-=-=-=-=-=-=-=-=-=-=-=-=-=-=-=-=-=-=-=-=-=-=-=-
2019-12-27 10:09:28|   2.3|  0.0|INFORM|Microsoft SQL Server Non-Spatial Reader: Closing `munprod' . Read operation complete
2019-12-27 10:09:28|   2.3|  0.0|INFORM|Translation was SUCCESSFUL with 1 warning(s) (2981 feature(s) output)
2019-12-27 10:09:28|   2.3|  0.0|INFORM|FME Session Duration: 2.4 seconds. (CPU: 1.9s user, 0.3s system)
2019-12-27 10:09:28|   2.3|  0.0|INFORM|END - ProcessID: 808, peak process memory usage: 79036 kB, current process memory usage: 78900 kB
